<?xml version="1.0" encoding="UTF-8"?>
<!-- Generated by org.testng.reporters.JUnitReportReporter -->
<testsuite hostname="Ankur" failures="0" tests="1" name="testCases.TC_001_AccountRegistrationTest" time="1.702" errors="0" timestamp="2024-09-24T23:38:11 IST" skipped="0">
  <testcase classname="testCases.TC_001_AccountRegistrationTest" name="verify_account_registration" time="1.702"/>
</testsuite> <!-- testCases.TC_001_AccountRegistrationTest -->
