<?xml version="1.0" encoding="UTF-8"?>
<!-- Generated by org.testng.reporters.JUnitReportReporter -->
<testsuite hostname="Ankur" failures="0" tests="1" name="testCases.TC_001_AccountRegistrationTest" time="2.510" errors="0" timestamp="2024-09-25T11:36:46 IST" skipped="0">
  <testcase classname="testCases.TC_001_AccountRegistrationTest" name="verify_account_registration" time="2.510"/>
</testsuite> <!-- testCases.TC_001_AccountRegistrationTest -->
