<?xml version="1.0" encoding="UTF-8"?>
<!-- Generated by org.testng.reporters.JUnitReportReporter -->
<testsuite hostname="Ankur" failures="0" tests="1" name="testCases.TC_002_LoginTest" time="1.313" errors="0" timestamp="2024-09-25T11:36:46 IST" skipped="0">
  <testcase classname="testCases.TC_002_LoginTest" name="verify_Login" time="1.313"/>
</testsuite> <!-- testCases.TC_002_LoginTest -->
